<?xml version="1.0" encoding="UTF-8"?>
<!-- Generated by org.testng.reporters.JUnitReportReporter -->
<testsuite hostname="DESKTOP-B0P0PC1" failures="0" tests="1" name="testCases.Test_UserRole" time="2.488" errors="0" timestamp="2023-03-16T17:09:15 GMT-05:00" skipped="0">
  <testcase classname="testCases.Test_UserRole" name="checkUserRole" time="2.488"/>
  <system-out/>
</testsuite> <!-- testCases.Test_UserRole -->
